2025-04-16 05:44:07,569 - INFO - 启动数据预处理流程
2025-04-16 05:44:07,606 - ERROR - 预处理失败: the 'c' engine does not support regex separators (separators > 1 char and different from '\s+' are interpreted as regex)
Traceback (most recent call last):
  File "D:\tuijian\data_preprocessor.py", line 93, in process_ratings
    reader = pd.read_csv(
        os.path.join(config.data_dir, 'ratings.dat'),
    ...<4 lines>...
        engine='c'
    )
  File "D:\Python\Lib\site-packages\pandas\io\parsers\readers.py", line 1026, in read_csv
    return _read(filepath_or_buffer, kwds)
  File "D:\Python\Lib\site-packages\pandas\io\parsers\readers.py", line 620, in _read
    parser = TextFileReader(filepath_or_buffer, **kwds)
  File "D:\Python\Lib\site-packages\pandas\io\parsers\readers.py", line 1614, in __init__
    self.options, self.engine = self._clean_options(options, engine)
                                ~~~~~~~~~~~~~~~~~~~^^^^^^^^^^^^^^^^^
  File "D:\Python\Lib\site-packages\pandas\io\parsers\readers.py", line 1754, in _clean_options
    raise ValueError(fallback_reason)
ValueError: the 'c' engine does not support regex separators (separators > 1 char and different from '\s+' are interpreted as regex)
2025-04-16 05:47:27,378 - INFO - 启动数据预处理流程
2025-04-16 05:47:30,262 - WARNING - 用户 70 存在重复记录
2025-04-16 05:47:31,526 - WARNING - 用户 149 存在重复记录
2025-04-16 05:47:32,791 - WARNING - 用户 202 存在重复记录
2025-04-16 05:47:34,007 - WARNING - 用户 271 存在重复记录
2025-04-16 05:47:34,042 - INFO - 已处理 335 用户, 当前块: 5
2025-04-16 05:47:35,310 - WARNING - 用户 331 存在重复记录
2025-04-16 05:47:36,583 - WARNING - 用户 408 存在重复记录
2025-04-16 05:47:37,831 - WARNING - 用户 473 存在重复记录
2025-04-16 05:47:39,085 - WARNING - 用户 533 存在重复记录
2025-04-16 05:47:40,315 - WARNING - 用户 593 存在重复记录
2025-04-16 05:47:40,356 - INFO - 已处理 678 用户, 当前块: 10
2025-04-16 05:47:41,595 - WARNING - 用户 669 存在重复记录
2025-04-16 05:47:42,877 - WARNING - 用户 716 存在重复记录
2025-04-16 05:47:44,106 - WARNING - 用户 774 存在重复记录
2025-04-16 05:47:45,361 - WARNING - 用户 840 存在重复记录
2025-04-16 05:47:46,625 - WARNING - 用户 897 存在重复记录
2025-04-16 05:47:46,656 - INFO - 已处理 980 用户, 当前块: 15
2025-04-16 05:47:47,885 - WARNING - 用户 966 存在重复记录
2025-04-16 05:47:49,123 - WARNING - 用户 1019 存在重复记录
2025-04-16 05:47:50,380 - WARNING - 用户 1080 存在重复记录
2025-04-16 05:47:51,614 - WARNING - 用户 1127 存在重复记录
2025-04-16 05:47:52,908 - WARNING - 用户 1179 存在重复记录
2025-04-16 05:47:52,932 - INFO - 已处理 1247 用户, 当前块: 20
2025-04-16 05:47:54,144 - WARNING - 用户 1228 存在重复记录
2025-04-16 05:47:55,386 - WARNING - 用户 1284 存在重复记录
2025-04-16 05:47:56,613 - WARNING - 用户 1333 存在重复记录
2025-04-16 05:47:57,937 - WARNING - 用户 1391 存在重复记录
2025-04-16 05:47:59,201 - WARNING - 用户 1449 存在重复记录
2025-04-16 05:47:59,230 - INFO - 已处理 1529 用户, 当前块: 25
2025-04-16 05:48:00,472 - WARNING - 用户 1505 存在重复记录
2025-04-16 05:48:01,707 - WARNING - 用户 1591 存在重复记录
2025-04-16 05:48:03,028 - WARNING - 用户 1635 存在重复记录
2025-04-16 05:48:04,284 - WARNING - 用户 1680 存在重复记录
2025-04-16 05:48:05,514 - WARNING - 用户 1733 存在重复记录
2025-04-16 05:48:05,539 - INFO - 已处理 1808 用户, 当前块: 30
2025-04-16 05:48:06,761 - WARNING - 用户 1779 存在重复记录
2025-04-16 05:48:08,053 - WARNING - 用户 1844 存在重复记录
2025-04-16 05:48:09,294 - WARNING - 用户 1899 存在重复记录
2025-04-16 05:48:10,524 - WARNING - 用户 1947 存在重复记录
2025-04-16 05:48:11,776 - WARNING - 用户 2005 存在重复记录
2025-04-16 05:48:11,826 - INFO - 已处理 2088 用户, 当前块: 35
2025-04-16 05:48:13,100 - WARNING - 用户 2054 存在重复记录
2025-04-16 05:48:14,361 - WARNING - 用户 2105 存在重复记录
2025-04-16 05:48:15,603 - WARNING - 用户 2164 存在重复记录
2025-04-16 05:48:16,845 - WARNING - 用户 2222 存在重复记录
2025-04-16 05:48:18,106 - WARNING - 用户 2288 存在重复记录
2025-04-16 05:48:18,139 - INFO - 已处理 2419 用户, 当前块: 40
2025-04-16 05:48:19,393 - WARNING - 用户 2380 存在重复记录
2025-04-16 05:48:20,655 - WARNING - 用户 2458 存在重复记录
2025-04-16 05:48:22,092 - WARNING - 用户 2537 存在重复记录
2025-04-16 05:48:23,380 - WARNING - 用户 2621 存在重复记录
2025-04-16 05:48:24,898 - WARNING - 用户 2690 存在重复记录
2025-04-16 05:48:24,930 - INFO - 已处理 2818 用户, 当前块: 45
2025-04-16 05:48:26,185 - WARNING - 用户 2774 存在重复记录
2025-04-16 05:48:27,443 - WARNING - 用户 2837 存在重复记录
2025-04-16 05:48:28,760 - WARNING - 用户 2895 存在重复记录
2025-04-16 05:48:30,040 - WARNING - 用户 2946 存在重复记录
2025-04-16 05:48:31,298 - WARNING - 用户 3014 存在重复记录
2025-04-16 05:48:31,335 - INFO - 已处理 3118 用户, 当前块: 50
2025-04-16 05:48:32,555 - WARNING - 用户 3069 存在重复记录
2025-04-16 05:48:33,813 - WARNING - 用户 3141 存在重复记录
2025-04-16 05:48:35,117 - WARNING - 用户 3208 存在重复记录
2025-04-16 05:48:36,371 - WARNING - 用户 3272 存在重复记录
2025-04-16 05:48:37,636 - WARNING - 用户 3320 存在重复记录
2025-04-16 05:48:37,680 - INFO - 已处理 3445 用户, 当前块: 55
2025-04-16 05:48:38,916 - WARNING - 用户 3391 存在重复记录
2025-04-16 05:48:40,211 - WARNING - 用户 3441 存在重复记录
2025-04-16 05:48:41,486 - WARNING - 用户 3498 存在重复记录
2025-04-16 05:48:42,750 - WARNING - 用户 3540 存在重复记录
2025-04-16 05:48:44,035 - WARNING - 用户 3600 存在重复记录
2025-04-16 05:48:44,058 - INFO - 已处理 3709 用户, 当前块: 60
2025-04-16 05:48:45,382 - WARNING - 用户 3650 存在重复记录
2025-04-16 05:48:46,738 - WARNING - 用户 3697 存在重复记录
2025-04-16 05:48:48,078 - WARNING - 用户 3756 存在重复记录
2025-04-16 05:48:49,529 - WARNING - 用户 3808 存在重复记录
2025-04-16 05:48:50,976 - WARNING - 用户 3847 存在重复记录
2025-04-16 05:48:51,010 - INFO - 已处理 3980 用户, 当前块: 65
2025-04-16 05:48:52,244 - WARNING - 用户 3916 存在重复记录
2025-04-16 05:48:53,504 - WARNING - 用户 3977 存在重复记录
2025-04-16 05:48:54,814 - WARNING - 用户 4027 存在重复记录
2025-04-16 05:48:56,114 - WARNING - 用户 4077 存在重复记录
2025-04-16 05:48:57,392 - WARNING - 用户 4126 存在重复记录
2025-04-16 05:48:57,424 - INFO - 已处理 4255 用户, 当前块: 70
2025-04-16 05:48:58,668 - WARNING - 用户 4186 存在重复记录
2025-04-16 05:48:59,981 - WARNING - 用户 4258 存在重复记录
2025-04-16 05:49:01,308 - WARNING - 用户 4312 存在重复记录
2025-04-16 05:49:02,569 - WARNING - 用户 4364 存在重复记录
2025-04-16 05:49:03,841 - WARNING - 用户 4422 存在重复记录
2025-04-16 05:49:03,873 - INFO - 已处理 4550 用户, 当前块: 75
2025-04-16 05:49:05,148 - WARNING - 用户 4476 存在重复记录
2025-04-16 05:49:06,428 - WARNING - 用户 4515 存在重复记录
2025-04-16 05:49:07,712 - WARNING - 用户 4588 存在重复记录
2025-04-16 05:49:08,983 - WARNING - 用户 4658 存在重复记录
2025-04-16 05:49:10,299 - WARNING - 用户 4726 存在重复记录
2025-04-16 05:49:10,343 - INFO - 已处理 4873 用户, 当前块: 80
2025-04-16 05:49:11,587 - WARNING - 用户 4794 存在重复记录
2025-04-16 05:49:12,912 - WARNING - 用户 4856 存在重复记录
2025-04-16 05:49:14,214 - WARNING - 用户 4929 存在重复记录
2025-04-16 05:49:15,487 - WARNING - 用户 4983 存在重复记录
2025-04-16 05:49:16,757 - WARNING - 用户 5047 存在重复记录
2025-04-16 05:49:16,782 - INFO - 已处理 5187 用户, 当前块: 85
2025-04-16 05:49:18,077 - WARNING - 用户 5103 存在重复记录
2025-04-16 05:49:19,346 - WARNING - 用户 5172 存在重复记录
2025-04-16 05:49:20,637 - WARNING - 用户 5256 存在重复记录
2025-04-16 05:49:21,919 - WARNING - 用户 5317 存在重复记录
2025-04-16 05:49:23,260 - WARNING - 用户 5371 存在重复记录
2025-04-16 05:49:23,305 - INFO - 已处理 5531 用户, 当前块: 90
2025-04-16 05:49:24,552 - WARNING - 用户 5442 存在重复记录
2025-04-16 05:49:25,863 - WARNING - 用户 5504 存在重复记录
2025-04-16 05:49:27,117 - WARNING - 用户 5556 存在重复记录
2025-04-16 05:49:28,436 - WARNING - 用户 5619 存在重复记录
2025-04-16 05:49:29,727 - WARNING - 用户 5675 存在重复记录
2025-04-16 05:49:29,756 - INFO - 已处理 5832 用户, 当前块: 95
2025-04-16 05:49:31,047 - WARNING - 用户 5738 存在重复记录
2025-04-16 05:49:32,307 - WARNING - 用户 5789 存在重复记录
2025-04-16 05:49:33,622 - WARNING - 用户 5847 存在重复记录
2025-04-16 05:49:34,897 - WARNING - 用户 5914 存在重复记录
2025-04-16 05:49:36,210 - WARNING - 用户 5978 存在重复记录
2025-04-16 05:49:36,239 - INFO - 已处理 6139 用户, 当前块: 100
2025-04-16 05:49:37,467 - WARNING - 用户 6040 存在重复记录
2025-04-16 05:49:37,480 - INFO - 预处理完成，共处理 6140 用户
2025-04-16 05:49:37,482 - INFO - 验证输出文件...
2025-04-16 05:56:06,010 - INFO - 启动数据处理流程
2025-04-16 05:56:06,011 - INFO - 验证原始数据文件...
2025-04-16 05:56:13,384 - INFO - 数据处理完成
2025-04-16 05:56:13,391 - INFO - 验证输出文件...
2025-04-16 07:19:18,999 - INFO - 启动数据处理流程
2025-04-16 07:19:18,999 - INFO - 验证原始数据文件...
2025-04-16 07:19:19,000 - INFO - 删除旧文件: D:\tuijian\ml-1m\train.rating
2025-04-16 07:19:19,002 - INFO - 删除旧文件: D:\tuijian\ml-1m\test.rating
2025-04-16 07:19:19,003 - INFO - 删除旧文件: D:\tuijian\ml-1m\test.negative
2025-04-16 07:19:26,944 - INFO - 数据处理完成
2025-04-16 07:19:26,952 - INFO - 验证输出文件...
2025-04-16 08:11:09,167 - INFO - 启动数据处理流程
2025-04-16 08:11:09,167 - INFO - 验证原始数据文件...
2025-04-16 08:11:09,168 - INFO - 删除旧文件: D:\tuijian\ml-1m\train.rating
2025-04-16 08:11:09,170 - INFO - 删除旧文件: D:\tuijian\ml-1m\test.rating
2025-04-16 08:11:09,171 - INFO - 删除旧文件: D:\tuijian\ml-1m\test.negative
2025-04-16 08:11:16,328 - INFO - 数据处理完成
2025-04-16 08:11:16,335 - INFO - 验证输出文件...
